23-Oct-2023 00:44:56.960 INFO [http-nio-8080-exec-25] org.apache.coyote.http11.Http11Processor.service Error parsing HTTP request header
 Note: further occurrences of HTTP request parsing errors will be logged at DEBUG level.
	java.lang.IllegalArgumentException: Invalid character found in method name [0x030x000x000x130x0e0xe00x000x000x000x000x000x010x000x080x000x020x000x000x00...]. HTTP method names must be tokens
		at org.apache.coyote.http11.Http11InputBuffer.parseRequestLine(Http11InputBuffer.java:434)
		at org.apache.coyote.http11.Http11Processor.service(Http11Processor.java:513)
		at org.apache.coyote.AbstractProcessorLight.process(AbstractProcessorLight.java:65)
		at org.apache.coyote.AbstractProtocol$ConnectionHandler.process(AbstractProtocol.java:882)
		at org.apache.tomcat.util.net.NioEndpoint$SocketProcessor.doRun(NioEndpoint.java:1647)
		at org.apache.tomcat.util.net.SocketProcessorBase.run(SocketProcessorBase.java:49)
		at org.apache.tomcat.util.threads.ThreadPoolExecutor.runWorker(ThreadPoolExecutor.java:1191)
		at org.apache.tomcat.util.threads.ThreadPoolExecutor$Worker.run(ThreadPoolExecutor.java:659)
		at org.apache.tomcat.util.threads.TaskThread$WrappingRunnable.run(TaskThread.java:61)
		at java.lang.Thread.run(Thread.java:750)
23-Oct-2023 03:18:11.196 INFO [http-nio-8080-exec-33] org.apache.coyote.http11.Http11Processor.service Error parsing HTTP request header
 Note: further occurrences of HTTP request parsing errors will be logged at DEBUG level.
	java.lang.IllegalArgumentException: Invalid character found in method name [0x030x000x000x130x0e0xe00x000x000x000x000x000x010x000x080x000x020x000x000x00...]. HTTP method names must be tokens
		at org.apache.coyote.http11.Http11InputBuffer.parseRequestLine(Http11InputBuffer.java:434)
		at org.apache.coyote.http11.Http11Processor.service(Http11Processor.java:513)
		at org.apache.coyote.AbstractProcessorLight.process(AbstractProcessorLight.java:65)
		at org.apache.coyote.AbstractProtocol$ConnectionHandler.process(AbstractProtocol.java:882)
		at org.apache.tomcat.util.net.NioEndpoint$SocketProcessor.doRun(NioEndpoint.java:1647)
		at org.apache.tomcat.util.net.SocketProcessorBase.run(SocketProcessorBase.java:49)
		at org.apache.tomcat.util.threads.ThreadPoolExecutor.runWorker(ThreadPoolExecutor.java:1191)
		at org.apache.tomcat.util.threads.ThreadPoolExecutor$Worker.run(ThreadPoolExecutor.java:659)
		at org.apache.tomcat.util.threads.TaskThread$WrappingRunnable.run(TaskThread.java:61)
		at java.lang.Thread.run(Thread.java:750)
23-Oct-2023 08:57:52.148 WARNING [http-nio-8080-exec-20] strosoft.company.service.UpdateCompanyXxyProductTotalInfoServiceHandler.process companyId 3482: 
### Error updating database.  Cause: org.apache.ibatis.transaction.TransactionException: Error configuring AutoCommit.  Your driver may not support getAutoCommit() or setAutoCommit(). Requested setting: false.  Cause: com.mysql.jdbc.exceptions.jdbc4.CommunicationsException: The last packet successfully received from the server was 138,593,417 milliseconds ago.  The last packet sent successfully to the server was 138,593,418 milliseconds ago. is longer than the server configured value of 'wait_timeout'. You should consider either expiring and/or testing connection validity before use in your application, increasing the server configured values for client timeouts, or using the Connector/J connection property 'autoReconnect=true' to avoid this problem.
### Cause: org.apache.ibatis.transaction.TransactionException: Error configuring AutoCommit.  Your driver may not support getAutoCommit() or setAutoCommit(). Requested setting: false.  Cause: com.mysql.jdbc.exceptions.jdbc4.CommunicationsException: The last packet successfully received from the server was 138,593,417 milliseconds ago.  The last packet sent successfully to the server was 138,593,418 milliseconds ago. is longer than the server configured value of 'wait_timeout'. You should consider either expiring and/or testing connection validity before use in your application, increasing the server configured values for client timeouts, or using the Connector/J connection property 'autoReconnect=true' to avoid this problem.
23-Oct-2023 09:02:52.110 WARNING [http-nio-8080-exec-5] strosoft.company.service.UpdateCompanyXxyProductTotalInfoServiceHandler.process companyId 3482: 
### Error updating database.  Cause: org.apache.ibatis.transaction.TransactionException: Error configuring AutoCommit.  Your driver may not support getAutoCommit() or setAutoCommit(). Requested setting: false.  Cause: com.mysql.jdbc.exceptions.jdbc4.CommunicationsException: The last packet successfully received from the server was 138,893,379 milliseconds ago.  The last packet sent successfully to the server was 138,893,380 milliseconds ago. is longer than the server configured value of 'wait_timeout'. You should consider either expiring and/or testing connection validity before use in your application, increasing the server configured values for client timeouts, or using the Connector/J connection property 'autoReconnect=true' to avoid this problem.
### Cause: org.apache.ibatis.transaction.TransactionException: Error configuring AutoCommit.  Your driver may not support getAutoCommit() or setAutoCommit(). Requested setting: false.  Cause: com.mysql.jdbc.exceptions.jdbc4.CommunicationsException: The last packet successfully received from the server was 138,893,379 milliseconds ago.  The last packet sent successfully to the server was 138,893,380 milliseconds ago. is longer than the server configured value of 'wait_timeout'. You should consider either expiring and/or testing connection validity before use in your application, increasing the server configured values for client timeouts, or using the Connector/J connection property 'autoReconnect=true' to avoid this problem.
23-Oct-2023 09:03:57.964 WARNING [http-nio-8080-exec-25] strosoft.company.service.UpdateCompanyXxyProductTotalInfoServiceHandler.process companyId 3482: 
### Error updating database.  Cause: org.apache.ibatis.transaction.TransactionException: Error configuring AutoCommit.  Your driver may not support getAutoCommit() or setAutoCommit(). Requested setting: false.  Cause: com.mysql.jdbc.exceptions.jdbc4.CommunicationsException: The last packet successfully received from the server was 138,959,232 milliseconds ago.  The last packet sent successfully to the server was 138,959,233 milliseconds ago. is longer than the server configured value of 'wait_timeout'. You should consider either expiring and/or testing connection validity before use in your application, increasing the server configured values for client timeouts, or using the Connector/J connection property 'autoReconnect=true' to avoid this problem.
### Cause: org.apache.ibatis.transaction.TransactionException: Error configuring AutoCommit.  Your driver may not support getAutoCommit() or setAutoCommit(). Requested setting: false.  Cause: com.mysql.jdbc.exceptions.jdbc4.CommunicationsException: The last packet successfully received from the server was 138,959,232 milliseconds ago.  The last packet sent successfully to the server was 138,959,233 milliseconds ago. is longer than the server configured value of 'wait_timeout'. You should consider either expiring and/or testing connection validity before use in your application, increasing the server configured values for client timeouts, or using the Connector/J connection property 'autoReconnect=true' to avoid this problem.
23-Oct-2023 09:14:37.672 INFO [http-nio-8080-exec-46] strosoft.tools.sms.AliyunSmsServiceProvider.sendVerifySms Raw Response {"bizId":"932720398023677572^0","code":"OK","message":"OK","requestId":"12F8B379-0E5A-5126-BD9C-D80C0893FA9A"}
23-Oct-2023 09:16:08.298 WARNING [http-nio-8080-exec-37] strosoft.company.service.UpdateCompanyXxyProductTotalInfoServiceHandler.process companyId 3482: 
### Error updating database.  Cause: org.apache.ibatis.transaction.TransactionException: Error configuring AutoCommit.  Your driver may not support getAutoCommit() or setAutoCommit(). Requested setting: false.  Cause: com.mysql.jdbc.exceptions.jdbc4.CommunicationsException: The last packet successfully received from the server was 139,689,566 milliseconds ago.  The last packet sent successfully to the server was 139,689,567 milliseconds ago. is longer than the server configured value of 'wait_timeout'. You should consider either expiring and/or testing connection validity before use in your application, increasing the server configured values for client timeouts, or using the Connector/J connection property 'autoReconnect=true' to avoid this problem.
### Cause: org.apache.ibatis.transaction.TransactionException: Error configuring AutoCommit.  Your driver may not support getAutoCommit() or setAutoCommit(). Requested setting: false.  Cause: com.mysql.jdbc.exceptions.jdbc4.CommunicationsException: The last packet successfully received from the server was 139,689,566 milliseconds ago.  The last packet sent successfully to the server was 139,689,567 milliseconds ago. is longer than the server configured value of 'wait_timeout'. You should consider either expiring and/or testing connection validity before use in your application, increasing the server configured values for client timeouts, or using the Connector/J connection property 'autoReconnect=true' to avoid this problem.
23-Oct-2023 09:19:22.207 INFO [http-nio-8080-exec-3] strosoft.tools.sms.AliyunSmsServiceProvider.sendVerifySms Raw Response {"bizId":"994801198023962070^0","code":"OK","message":"OK","requestId":"ED82055E-731B-50D0-9032-0E802F51B4E4"}
23-Oct-2023 09:20:39.610 INFO [http-nio-8080-exec-47] strosoft.tools.sms.AliyunSmsServiceProvider.sendVerifySms Raw Response {"bizId":"550407998024039489^0","code":"OK","message":"OK","requestId":"D2F56A23-3FA1-5187-A03E-5175BD9884C1"}
23-Oct-2023 09:21:08.312 WARNING [http-nio-8080-exec-18] strosoft.company.service.UpdateCompanyXxyProductTotalInfoServiceHandler.process companyId 3482: 
### Error updating database.  Cause: org.apache.ibatis.transaction.TransactionException: Error configuring AutoCommit.  Your driver may not support getAutoCommit() or setAutoCommit(). Requested setting: false.  Cause: com.mysql.jdbc.exceptions.jdbc4.CommunicationsException: The last packet successfully received from the server was 139,989,581 milliseconds ago.  The last packet sent successfully to the server was 139,989,582 milliseconds ago. is longer than the server configured value of 'wait_timeout'. You should consider either expiring and/or testing connection validity before use in your application, increasing the server configured values for client timeouts, or using the Connector/J connection property 'autoReconnect=true' to avoid this problem.
### Cause: org.apache.ibatis.transaction.TransactionException: Error configuring AutoCommit.  Your driver may not support getAutoCommit() or setAutoCommit(). Requested setting: false.  Cause: com.mysql.jdbc.exceptions.jdbc4.CommunicationsException: The last packet successfully received from the server was 139,989,581 milliseconds ago.  The last packet sent successfully to the server was 139,989,582 milliseconds ago. is longer than the server configured value of 'wait_timeout'. You should consider either expiring and/or testing connection validity before use in your application, increasing the server configured values for client timeouts, or using the Connector/J connection property 'autoReconnect=true' to avoid this problem.
23-Oct-2023 09:21:40.385 INFO [http-nio-8080-exec-34] org.apache.coyote.http11.Http11Processor.service Error parsing HTTP request header
 Note: further occurrences of HTTP request parsing errors will be logged at DEBUG level.
	java.lang.IllegalArgumentException: Invalid character found in method name [0x160x030x010x000xee0x010x000x000xea0x030x03'i,$0x820xc80x060x050xeaV0x8f0x10q0xd80xf30xbc0xdb0xeb0xfa0x890x160x19YwGZF0x86P;0xe50x96 ]. HTTP method names must be tokens
		at org.apache.coyote.http11.Http11InputBuffer.parseRequestLine(Http11InputBuffer.java:434)
		at org.apache.coyote.http11.Http11Processor.service(Http11Processor.java:513)
		at org.apache.coyote.AbstractProcessorLight.process(AbstractProcessorLight.java:65)
		at org.apache.coyote.AbstractProtocol$ConnectionHandler.process(AbstractProtocol.java:882)
		at org.apache.tomcat.util.net.NioEndpoint$SocketProcessor.doRun(NioEndpoint.java:1647)
		at org.apache.tomcat.util.net.SocketProcessorBase.run(SocketProcessorBase.java:49)
		at org.apache.tomcat.util.threads.ThreadPoolExecutor.runWorker(ThreadPoolExecutor.java:1191)
		at org.apache.tomcat.util.threads.ThreadPoolExecutor$Worker.run(ThreadPoolExecutor.java:659)
		at org.apache.tomcat.util.threads.TaskThread$WrappingRunnable.run(TaskThread.java:61)
		at java.lang.Thread.run(Thread.java:750)
23-Oct-2023 09:23:54.446 INFO [http-nio-8080-exec-43] strosoft.tools.sms.AliyunSmsServiceProvider.sendVerifySms Raw Response {"bizId":"104805598024234318^0","code":"OK","message":"OK","requestId":"A2C41323-5ECE-5EE0-93A6-0781D0D9C5CF"}
23-Oct-2023 09:24:29.779 INFO [http-nio-8080-exec-16] strosoft.tools.sms.AliyunSmsServiceProvider.sendVerifySms Raw Response {"bizId":"148103498024269649^0","code":"OK","message":"OK","requestId":"0EA38FD3-D32C-59DF-9DB2-D9DA8604FCF2"}
23-Oct-2023 09:26:08.470 WARNING [http-nio-8080-exec-29] strosoft.company.service.UpdateCompanyXxyProductTotalInfoServiceHandler.process companyId 3482: 
### Error updating database.  Cause: org.apache.ibatis.transaction.TransactionException: Error configuring AutoCommit.  Your driver may not support getAutoCommit() or setAutoCommit(). Requested setting: false.  Cause: com.mysql.jdbc.exceptions.jdbc4.CommunicationsException: The last packet successfully received from the server was 140,289,739 milliseconds ago.  The last packet sent successfully to the server was 140,289,740 milliseconds ago. is longer than the server configured value of 'wait_timeout'. You should consider either expiring and/or testing connection validity before use in your application, increasing the server configured values for client timeouts, or using the Connector/J connection property 'autoReconnect=true' to avoid this problem.
### Cause: org.apache.ibatis.transaction.TransactionException: Error configuring AutoCommit.  Your driver may not support getAutoCommit() or setAutoCommit(). Requested setting: false.  Cause: com.mysql.jdbc.exceptions.jdbc4.CommunicationsException: The last packet successfully received from the server was 140,289,739 milliseconds ago.  The last packet sent successfully to the server was 140,289,740 milliseconds ago. is longer than the server configured value of 'wait_timeout'. You should consider either expiring and/or testing connection validity before use in your application, increasing the server configured values for client timeouts, or using the Connector/J connection property 'autoReconnect=true' to avoid this problem.
23-Oct-2023 09:31:08.481 WARNING [http-nio-8080-exec-37] strosoft.company.service.UpdateCompanyXxyProductTotalInfoServiceHandler.process companyId 3482: 
### Error updating database.  Cause: org.apache.ibatis.transaction.TransactionException: Error configuring AutoCommit.  Your driver may not support getAutoCommit() or setAutoCommit(). Requested setting: false.  Cause: com.mysql.jdbc.exceptions.jdbc4.CommunicationsException: The last packet successfully received from the server was 140,589,750 milliseconds ago.  The last packet sent successfully to the server was 140,589,751 milliseconds ago. is longer than the server configured value of 'wait_timeout'. You should consider either expiring and/or testing connection validity before use in your application, increasing the server configured values for client timeouts, or using the Connector/J connection property 'autoReconnect=true' to avoid this problem.
### Cause: org.apache.ibatis.transaction.TransactionException: Error configuring AutoCommit.  Your driver may not support getAutoCommit() or setAutoCommit(). Requested setting: false.  Cause: com.mysql.jdbc.exceptions.jdbc4.CommunicationsException: The last packet successfully received from the server was 140,589,750 milliseconds ago.  The last packet sent successfully to the server was 140,589,751 milliseconds ago. is longer than the server configured value of 'wait_timeout'. You should consider either expiring and/or testing connection validity before use in your application, increasing the server configured values for client timeouts, or using the Connector/J connection property 'autoReconnect=true' to avoid this problem.
23-Oct-2023 09:36:08.537 WARNING [http-nio-8080-exec-37] strosoft.company.service.UpdateCompanyXxyProductTotalInfoServiceHandler.process companyId 3482: 
### Error updating database.  Cause: org.apache.ibatis.transaction.TransactionException: Error configuring AutoCommit.  Your driver may not support getAutoCommit() or setAutoCommit(). Requested setting: false.  Cause: com.mysql.jdbc.exceptions.jdbc4.CommunicationsException: The last packet successfully received from the server was 140,889,806 milliseconds ago.  The last packet sent successfully to the server was 140,889,807 milliseconds ago. is longer than the server configured value of 'wait_timeout'. You should consider either expiring and/or testing connection validity before use in your application, increasing the server configured values for client timeouts, or using the Connector/J connection property 'autoReconnect=true' to avoid this problem.
### Cause: org.apache.ibatis.transaction.TransactionException: Error configuring AutoCommit.  Your driver may not support getAutoCommit() or setAutoCommit(). Requested setting: false.  Cause: com.mysql.jdbc.exceptions.jdbc4.CommunicationsException: The last packet successfully received from the server was 140,889,806 milliseconds ago.  The last packet sent successfully to the server was 140,889,807 milliseconds ago. is longer than the server configured value of 'wait_timeout'. You should consider either expiring and/or testing connection validity before use in your application, increasing the server configured values for client timeouts, or using the Connector/J connection property 'autoReconnect=true' to avoid this problem.
23-Oct-2023 09:37:26.989 INFO [http-nio-8080-exec-10] strosoft.tools.sms.AliyunSmsServiceProvider.sendVerifySms Raw Response {"bizId":"902921398025046873^0","code":"OK","message":"OK","requestId":"868B090E-80E8-5726-BDD1-559A1AC6FAE4"}
23-Oct-2023 09:41:08.586 WARNING [http-nio-8080-exec-35] strosoft.company.service.UpdateCompanyXxyProductTotalInfoServiceHandler.process companyId 3482: 
### Error updating database.  Cause: org.apache.ibatis.transaction.TransactionException: Error configuring AutoCommit.  Your driver may not support getAutoCommit() or setAutoCommit(). Requested setting: false.  Cause: com.mysql.jdbc.exceptions.jdbc4.CommunicationsException: The last packet successfully received from the server was 141,189,854 milliseconds ago.  The last packet sent successfully to the server was 141,189,855 milliseconds ago. is longer than the server configured value of 'wait_timeout'. You should consider either expiring and/or testing connection validity before use in your application, increasing the server configured values for client timeouts, or using the Connector/J connection property 'autoReconnect=true' to avoid this problem.
### Cause: org.apache.ibatis.transaction.TransactionException: Error configuring AutoCommit.  Your driver may not support getAutoCommit() or setAutoCommit(). Requested setting: false.  Cause: com.mysql.jdbc.exceptions.jdbc4.CommunicationsException: The last packet successfully received from the server was 141,189,854 milliseconds ago.  The last packet sent successfully to the server was 141,189,855 milliseconds ago. is longer than the server configured value of 'wait_timeout'. You should consider either expiring and/or testing connection validity before use in your application, increasing the server configured values for client timeouts, or using the Connector/J connection property 'autoReconnect=true' to avoid this problem.
23-Oct-2023 09:45:13.998 INFO [http-nio-8080-exec-45] strosoft.tools.sms.AliyunSmsServiceProvider.sendVerifySms Raw Response {"bizId":"612707598025513858^0","code":"OK","message":"OK","requestId":"38628A17-6D04-5836-9DC2-0ABF00E43918"}
23-Oct-2023 09:46:08.327 WARNING [http-nio-8080-exec-4] strosoft.company.service.UpdateCompanyXxyProductTotalInfoServiceHandler.process companyId 3482: 
### Error updating database.  Cause: org.apache.ibatis.transaction.TransactionException: Error configuring AutoCommit.  Your driver may not support getAutoCommit() or setAutoCommit(). Requested setting: false.  Cause: com.mysql.jdbc.exceptions.jdbc4.CommunicationsException: The last packet successfully received from the server was 141,489,596 milliseconds ago.  The last packet sent successfully to the server was 141,489,597 milliseconds ago. is longer than the server configured value of 'wait_timeout'. You should consider either expiring and/or testing connection validity before use in your application, increasing the server configured values for client timeouts, or using the Connector/J connection property 'autoReconnect=true' to avoid this problem.
### Cause: org.apache.ibatis.transaction.TransactionException: Error configuring AutoCommit.  Your driver may not support getAutoCommit() or setAutoCommit(). Requested setting: false.  Cause: com.mysql.jdbc.exceptions.jdbc4.CommunicationsException: The last packet successfully received from the server was 141,489,596 milliseconds ago.  The last packet sent successfully to the server was 141,489,597 milliseconds ago. is longer than the server configured value of 'wait_timeout'. You should consider either expiring and/or testing connection validity before use in your application, increasing the server configured values for client timeouts, or using the Connector/J connection property 'autoReconnect=true' to avoid this problem.
23-Oct-2023 09:48:06.290 WARNING [http-nio-8080-exec-10] strosoft.company.service.UpdateCompanyXxyProductTotalInfoServiceHandler.process companyId 3482: 
### Error updating database.  Cause: org.apache.ibatis.transaction.TransactionException: Error configuring AutoCommit.  Your driver may not support getAutoCommit() or setAutoCommit(). Requested setting: false.  Cause: com.mysql.jdbc.exceptions.jdbc4.CommunicationsException: The last packet successfully received from the server was 141,607,559 milliseconds ago.  The last packet sent successfully to the server was 141,607,560 milliseconds ago. is longer than the server configured value of 'wait_timeout'. You should consider either expiring and/or testing connection validity before use in your application, increasing the server configured values for client timeouts, or using the Connector/J connection property 'autoReconnect=true' to avoid this problem.
### Cause: org.apache.ibatis.transaction.TransactionException: Error configuring AutoCommit.  Your driver may not support getAutoCommit() or setAutoCommit(). Requested setting: false.  Cause: com.mysql.jdbc.exceptions.jdbc4.CommunicationsException: The last packet successfully received from the server was 141,607,559 milliseconds ago.  The last packet sent successfully to the server was 141,607,560 milliseconds ago. is longer than the server configured value of 'wait_timeout'. You should consider either expiring and/or testing connection validity before use in your application, increasing the server configured values for client timeouts, or using the Connector/J connection property 'autoReconnect=true' to avoid this problem.
23-Oct-2023 09:48:27.658 INFO [http-nio-8080-exec-5] strosoft.tools.sms.AliyunSmsServiceProvider.sendVerifySms Raw Response {"bizId":"922507198025707535^0","code":"OK","message":"OK","requestId":"21846CE0-110F-5FBE-B7FD-10DCDB98B7B9"}
23-Oct-2023 09:49:14.212 WARNING [http-nio-8080-exec-41] strosoft.company.service.AddCompanyXxyProductInfoServiceHandler.process companyId 3482: 
### Error updating database.  Cause: org.apache.ibatis.transaction.TransactionException: Error configuring AutoCommit.  Your driver may not support getAutoCommit() or setAutoCommit(). Requested setting: false.  Cause: com.mysql.jdbc.exceptions.jdbc4.CommunicationsException: The last packet successfully received from the server was 141,675,481 milliseconds ago.  The last packet sent successfully to the server was 141,675,482 milliseconds ago. is longer than the server configured value of 'wait_timeout'. You should consider either expiring and/or testing connection validity before use in your application, increasing the server configured values for client timeouts, or using the Connector/J connection property 'autoReconnect=true' to avoid this problem.
### Cause: org.apache.ibatis.transaction.TransactionException: Error configuring AutoCommit.  Your driver may not support getAutoCommit() or setAutoCommit(). Requested setting: false.  Cause: com.mysql.jdbc.exceptions.jdbc4.CommunicationsException: The last packet successfully received from the server was 141,675,481 milliseconds ago.  The last packet sent successfully to the server was 141,675,482 milliseconds ago. is longer than the server configured value of 'wait_timeout'. You should consider either expiring and/or testing connection validity before use in your application, increasing the server configured values for client timeouts, or using the Connector/J connection property 'autoReconnect=true' to avoid this problem.
23-Oct-2023 09:49:14.565 INFO [http-nio-8080-exec-51] strosoft.tools.sms.AliyunSmsServiceProvider.sendVerifySms Raw Response {"bizId":"122211398025754437^0","code":"OK","message":"OK","requestId":"78BCD58F-E764-54E2-824C-8840EB18BC0B"}
23-Oct-2023 09:51:56.811 WARNING [http-nio-8080-exec-11] strosoft.company.service.UpdateCompanyXxyProductTotalInfoServiceHandler.process companyId 3482: 
### Error updating database.  Cause: org.apache.ibatis.transaction.TransactionException: Error configuring AutoCommit.  Your driver may not support getAutoCommit() or setAutoCommit(). Requested setting: false.  Cause: com.mysql.jdbc.exceptions.jdbc4.CommunicationsException: The last packet successfully received from the server was 141,838,080 milliseconds ago.  The last packet sent successfully to the server was 141,838,081 milliseconds ago. is longer than the server configured value of 'wait_timeout'. You should consider either expiring and/or testing connection validity before use in your application, increasing the server configured values for client timeouts, or using the Connector/J connection property 'autoReconnect=true' to avoid this problem.
### Cause: org.apache.ibatis.transaction.TransactionException: Error configuring AutoCommit.  Your driver may not support getAutoCommit() or setAutoCommit(). Requested setting: false.  Cause: com.mysql.jdbc.exceptions.jdbc4.CommunicationsException: The last packet successfully received from the server was 141,838,080 milliseconds ago.  The last packet sent successfully to the server was 141,838,081 milliseconds ago. is longer than the server configured value of 'wait_timeout'. You should consider either expiring and/or testing connection validity before use in your application, increasing the server configured values for client timeouts, or using the Connector/J connection property 'autoReconnect=true' to avoid this problem.
23-Oct-2023 09:51:59.566 WARNING [http-nio-8080-exec-35] strosoft.company.service.DeleteCompanyXxyProductInfoServiceHandler.process companyId 3482: 
### Error updating database.  Cause: org.apache.ibatis.transaction.TransactionException: Error configuring AutoCommit.  Your driver may not support getAutoCommit() or setAutoCommit(). Requested setting: false.  Cause: com.mysql.jdbc.exceptions.jdbc4.CommunicationsException: The last packet successfully received from the server was 141,840,835 milliseconds ago.  The last packet sent successfully to the server was 141,840,836 milliseconds ago. is longer than the server configured value of 'wait_timeout'. You should consider either expiring and/or testing connection validity before use in your application, increasing the server configured values for client timeouts, or using the Connector/J connection property 'autoReconnect=true' to avoid this problem.
### Cause: org.apache.ibatis.transaction.TransactionException: Error configuring AutoCommit.  Your driver may not support getAutoCommit() or setAutoCommit(). Requested setting: false.  Cause: com.mysql.jdbc.exceptions.jdbc4.CommunicationsException: The last packet successfully received from the server was 141,840,835 milliseconds ago.  The last packet sent successfully to the server was 141,840,836 milliseconds ago. is longer than the server configured value of 'wait_timeout'. You should consider either expiring and/or testing connection validity before use in your application, increasing the server configured values for client timeouts, or using the Connector/J connection property 'autoReconnect=true' to avoid this problem.
23-Oct-2023 09:57:02.918 WARNING [http-nio-8080-exec-54] strosoft.company.service.AddCompanyXxyProductInfoServiceHandler.process companyId 3482: 
### Error updating database.  Cause: org.apache.ibatis.transaction.TransactionException: Error configuring AutoCommit.  Your driver may not support getAutoCommit() or setAutoCommit(). Requested setting: false.  Cause: com.mysql.jdbc.exceptions.jdbc4.CommunicationsException: The last packet successfully received from the server was 142,144,187 milliseconds ago.  The last packet sent successfully to the server was 142,144,188 milliseconds ago. is longer than the server configured value of 'wait_timeout'. You should consider either expiring and/or testing connection validity before use in your application, increasing the server configured values for client timeouts, or using the Connector/J connection property 'autoReconnect=true' to avoid this problem.
### Cause: org.apache.ibatis.transaction.TransactionException: Error configuring AutoCommit.  Your driver may not support getAutoCommit() or setAutoCommit(). Requested setting: false.  Cause: com.mysql.jdbc.exceptions.jdbc4.CommunicationsException: The last packet successfully received from the server was 142,144,187 milliseconds ago.  The last packet sent successfully to the server was 142,144,188 milliseconds ago. is longer than the server configured value of 'wait_timeout'. You should consider either expiring and/or testing connection validity before use in your application, increasing the server configured values for client timeouts, or using the Connector/J connection property 'autoReconnect=true' to avoid this problem.
23-Oct-2023 09:57:29.790 WARNING [http-nio-8080-exec-8] strosoft.company.service.UpdateCompanyXxyProductTotalInfoServiceHandler.process companyId 3482: 
### Error updating database.  Cause: org.apache.ibatis.transaction.TransactionException: Error configuring AutoCommit.  Your driver may not support getAutoCommit() or setAutoCommit(). Requested setting: false.  Cause: com.mysql.jdbc.exceptions.jdbc4.CommunicationsException: The last packet successfully received from the server was 142,171,059 milliseconds ago.  The last packet sent successfully to the server was 142,171,060 milliseconds ago. is longer than the server configured value of 'wait_timeout'. You should consider either expiring and/or testing connection validity before use in your application, increasing the server configured values for client timeouts, or using the Connector/J connection property 'autoReconnect=true' to avoid this problem.
### Cause: org.apache.ibatis.transaction.TransactionException: Error configuring AutoCommit.  Your driver may not support getAutoCommit() or setAutoCommit(). Requested setting: false.  Cause: com.mysql.jdbc.exceptions.jdbc4.CommunicationsException: The last packet successfully received from the server was 142,171,059 milliseconds ago.  The last packet sent successfully to the server was 142,171,060 milliseconds ago. is longer than the server configured value of 'wait_timeout'. You should consider either expiring and/or testing connection validity before use in your application, increasing the server configured values for client timeouts, or using the Connector/J connection property 'autoReconnect=true' to avoid this problem.
23-Oct-2023 10:27:03.119 WARNING [http-nio-8080-exec-40] strosoft.company.service.AddCompanyXxyProductInfoServiceHandler.process companyId 3252: 
### Error updating database.  Cause: com.mysql.jdbc.exceptions.jdbc4.MySQLIntegrityConstraintViolationException: Duplicate entry '15996-17' for key 'uk_order_id_product_id'
### The error may involve CompanyXxyProductInfo.insertCompanyXxyProductInfo-Inline
### The error occurred while setting parameters
### SQL: insert into company_xxy_product_info         (id, OrderID, ProductID, Name, XPos, YPos, ZPos, TextureImagePath, TextureName, TextureType, BandingTop,          BandingDown, BandingLeft, BandingRight, BandingFront, BandingBack, ProductNum, RotateAngle, XRotateType,          YRotateType, ZRotateType, RotateOrderList, RoomID, ProductBandingType, VisibleBanding, InvisibleBanding,          RoomName, IsFromKjl, KjlId, Width, Depth, Height, UploadKjlId, SaveSuccessful, ProductPriceType, CostPrice,          SalePrice, PriceRatio)         values (?, ?, ?, ?, ?, ?, ?, ?,                 ?, ?, ?, ?, ?, ?,                 ?, ?, ?, ?, ?, ?,                 ?, ?, ?, ?, ?,                 ?, ?, ?, ?, ?, ?, ?, ?,                 ?, ?, ?, ?, ?)
### Cause: com.mysql.jdbc.exceptions.jdbc4.MySQLIntegrityConstraintViolationException: Duplicate entry '15996-17' for key 'uk_order_id_product_id'
23-Oct-2023 10:30:15.936 WARNING [http-nio-8080-exec-34] strosoft.company.service.UpdateCompanyXxyProductTotalInfoServiceHandler.process companyId 1497: 
### Error updating database.  Cause: com.mysql.jdbc.exceptions.jdbc4.MySQLTransactionRollbackException: Deadlock found when trying to get lock; try restarting transaction
### The error may involve strosoft.app.common.executeDelete-Inline
### The error occurred while setting parameters
### SQL: delete from company_xxy_product_info where OrderID = 16659 and ProductID in (7);
### Cause: com.mysql.jdbc.exceptions.jdbc4.MySQLTransactionRollbackException: Deadlock found when trying to get lock; try restarting transaction
23-Oct-2023 10:55:10.255 INFO [http-nio-8080-exec-1] xxy.service.CompanyDatabaseUploadServiceHandler.process DB_SYNC START: company_3479
23-Oct-2023 10:55:10.277 INFO [pool-10-thread-4] xxy.service.CompanyDatabaseUploadServiceHandler.doDatabaseSync Done Syncing table FittingsMaster
23-Oct-2023 10:55:10.293 INFO [pool-10-thread-4] xxy.service.CompanyDatabaseUploadServiceHandler.doDatabaseSync Done Syncing table HardwareMaster
23-Oct-2023 10:55:10.313 INFO [pool-10-thread-2] xxy.service.CompanyDatabaseUploadServiceHandler.doDatabaseSync Done Syncing table CabinetMaster
23-Oct-2023 10:55:10.323 INFO [pool-10-thread-2] xxy.service.CompanyDatabaseUploadServiceHandler.doDatabaseSync Done Syncing table HoleSiteMaster
23-Oct-2023 10:55:10.328 INFO [pool-10-thread-4] xxy.service.CompanyDatabaseUploadServiceHandler.doDatabaseSync Done Syncing table HardwareHoleSite
23-Oct-2023 10:55:10.380 INFO [pool-10-thread-4] xxy.service.CompanyDatabaseUploadServiceHandler.doDatabaseSync Done Syncing table LocalDoorLineMaster
23-Oct-2023 10:55:10.395 INFO [pool-10-thread-4] xxy.service.CompanyDatabaseUploadServiceHandler.doDatabaseSync Done Syncing table LocalModelLine
23-Oct-2023 10:55:10.406 INFO [pool-10-thread-4] xxy.service.CompanyDatabaseUploadServiceHandler.doDatabaseSync Done Syncing table LocalPathCluster
23-Oct-2023 10:55:10.414 INFO [pool-10-thread-4] xxy.service.CompanyDatabaseUploadServiceHandler.doDatabaseSync Done Syncing table LocalToolMaster
23-Oct-2023 10:55:10.419 INFO [pool-10-thread-4] xxy.service.CompanyDatabaseUploadServiceHandler.doDatabaseSync Done Syncing table MaterialBanding
23-Oct-2023 10:55:10.419 INFO [pool-10-thread-2] xxy.service.CompanyDatabaseUploadServiceHandler.doDatabaseSync Done Syncing table LocalDoor
23-Oct-2023 10:55:10.427 INFO [pool-10-thread-2] xxy.service.CompanyDatabaseUploadServiceHandler.doDatabaseSync Done Syncing table MaterialTextureMaster
23-Oct-2023 10:55:10.428 INFO [pool-10-thread-4] xxy.service.CompanyDatabaseUploadServiceHandler.doDatabaseSync Done Syncing table MaterialDetail
23-Oct-2023 10:55:10.448 INFO [pool-10-thread-2] xxy.service.CompanyDatabaseUploadServiceHandler.doDatabaseSync Done Syncing table ParamMaster
23-Oct-2023 10:55:14.541 INFO [pool-10-thread-4] xxy.service.CompanyDatabaseUploadServiceHandler.doDatabaseSync Done Syncing table PlateMaster
23-Oct-2023 10:55:17.140 INFO [pool-10-thread-2] xxy.service.CompanyDatabaseUploadServiceHandler.doDatabaseSync Done Syncing table PlateMillingInfo
23-Oct-2023 10:55:17.171 INFO [pool-10-thread-2] xxy.service.CompanyDatabaseUploadServiceHandler.doDatabaseSync Done Syncing table PlateSlottingInfo
23-Oct-2023 10:55:17.203 INFO [pool-10-thread-4] xxy.service.CompanyDatabaseUploadServiceHandler.doDatabaseSync Done Syncing table PlateParameter
23-Oct-2023 10:55:17.239 INFO [pool-10-thread-2] xxy.service.CompanyDatabaseUploadServiceHandler.doDatabaseSync Done Syncing table TextureDetail
23-Oct-2023 10:55:17.259 WARNING [pool-10-thread-2] xxy.service.CompanyDatabaseUploadServiceHandler.lambda$process$0 [SQLITE_ERROR] SQL error or missing database (no such table: PlatDoorMaster)
23-Oct-2023 10:55:17.263 INFO [pool-10-thread-4] xxy.service.CompanyDatabaseUploadServiceHandler.doDatabaseSync Done Syncing table HoleSiteDetail
23-Oct-2023 10:55:17.273 WARNING [pool-10-thread-4] xxy.service.CompanyDatabaseUploadServiceHandler.lambda$process$0 [SQLITE_ERROR] SQL error or missing database (no such table: PlatDoorSlottingInfo)
23-Oct-2023 10:55:17.292 WARNING [pool-10-thread-2] xxy.service.CompanyDatabaseUploadServiceHandler.lambda$process$0 [SQLITE_ERROR] SQL error or missing database (no such table: PlatDoorParameter)
23-Oct-2023 10:55:17.295 INFO [pool-10-thread-3] xxy.service.CompanyDatabaseUploadServiceHandler.doDatabaseSync Done Syncing table CabinetParameter
23-Oct-2023 10:55:21.292 INFO [pool-10-thread-1] xxy.service.CompanyDatabaseUploadServiceHandler.doDatabaseSync Done Syncing table CabinetDetail
23-Oct-2023 10:55:21.292 INFO [pool-10-thread-1] xxy.service.CompanyDatabaseUploadServiceHandler.lambda$process$0 DB_SYNC END
23-Oct-2023 10:55:27.896 INFO [http-nio-8080-exec-38] strosoft.tools.sms.AliyunSmsServiceProvider.sendVerifySms Raw Response {"bizId":"192706098029727760^0","code":"OK","message":"OK","requestId":"0D3433F1-2F58-5706-A8B1-C6225A1868A8"}
23-Oct-2023 11:00:42.791 WARNING [http-nio-8080-exec-25] strosoft.company.service.AddCompanyXxyProductInfoServiceHandler.process companyId 1449: 
### Error updating database.  Cause: com.mysql.jdbc.exceptions.jdbc4.MySQLIntegrityConstraintViolationException: Duplicate entry '411-4' for key 'uk_order_id_product_id'
### The error may involve CompanyXxyProductInfo.insertCompanyXxyProductInfo-Inline
### The error occurred while setting parameters
### SQL: insert into company_xxy_product_info         (id, OrderID, ProductID, Name, XPos, YPos, ZPos, TextureImagePath, TextureName, TextureType, BandingTop,          BandingDown, BandingLeft, BandingRight, BandingFront, BandingBack, ProductNum, RotateAngle, XRotateType,          YRotateType, ZRotateType, RotateOrderList, RoomID, ProductBandingType, VisibleBanding, InvisibleBanding,          RoomName, IsFromKjl, KjlId, Width, Depth, Height, UploadKjlId, SaveSuccessful, ProductPriceType, CostPrice,          SalePrice, PriceRatio)         values (?, ?, ?, ?, ?, ?, ?, ?,                 ?, ?, ?, ?, ?, ?,                 ?, ?, ?, ?, ?, ?,                 ?, ?, ?, ?, ?,                 ?, ?, ?, ?, ?, ?, ?, ?,                 ?, ?, ?, ?, ?)
### Cause: com.mysql.jdbc.exceptions.jdbc4.MySQLIntegrityConstraintViolationException: Duplicate entry '411-4' for key 'uk_order_id_product_id'
23-Oct-2023 11:35:22.977 INFO [http-nio-8080-exec-3] org.apache.coyote.http11.Http11Processor.service Error parsing HTTP request header
 Note: further occurrences of HTTP request parsing errors will be logged at DEBUG level.
	java.lang.IllegalArgumentException: Invalid character found in method name [0x160x030x010x01 ]. HTTP method names must be tokens
		at org.apache.coyote.http11.Http11InputBuffer.parseRequestLine(Http11InputBuffer.java:434)
		at org.apache.coyote.http11.Http11Processor.service(Http11Processor.java:513)
		at org.apache.coyote.AbstractProcessorLight.process(AbstractProcessorLight.java:65)
		at org.apache.coyote.AbstractProtocol$ConnectionHandler.process(AbstractProtocol.java:882)
		at org.apache.tomcat.util.net.NioEndpoint$SocketProcessor.doRun(NioEndpoint.java:1647)
		at org.apache.tomcat.util.net.SocketProcessorBase.run(SocketProcessorBase.java:49)
		at org.apache.tomcat.util.threads.ThreadPoolExecutor.runWorker(ThreadPoolExecutor.java:1191)
		at org.apache.tomcat.util.threads.ThreadPoolExecutor$Worker.run(ThreadPoolExecutor.java:659)
		at org.apache.tomcat.util.threads.TaskThread$WrappingRunnable.run(TaskThread.java:61)
		at java.lang.Thread.run(Thread.java:750)
23-Oct-2023 11:54:53.241 WARNING [http-nio-8080-exec-54] strosoft.company.service.UpdateCompanyXxyProductTotalInfoServiceHandler.process companyId 3306: 
### Error updating database.  Cause: com.mysql.jdbc.exceptions.jdbc4.MySQLTransactionRollbackException: Deadlock found when trying to get lock; try restarting transaction
### The error may involve strosoft.app.common.executeDelete-Inline
### The error occurred while setting parameters
### SQL: delete from company_xxy_product_info where OrderID = 11596 and ProductID in (7);
### Cause: com.mysql.jdbc.exceptions.jdbc4.MySQLTransactionRollbackException: Deadlock found when trying to get lock; try restarting transaction
23-Oct-2023 12:43:27.233 INFO [http-nio-8080-exec-45] org.apache.coyote.http11.Http11Processor.service Error parsing HTTP request header
 Note: further occurrences of HTTP request parsing errors will be logged at DEBUG level.
	java.lang.IllegalArgumentException: Invalid character found in method name [0x160x030x010x00{0x010x000x00w0x030x03;0xcb0xa30xc00x800xfe0x9a0xe30xa20xd7K0xb0#i0x150xdbh0x13P'70xcf0x0aM0x000xc80xf70x13&[0x9f0x8c0x000x000x1a0xc0/0xc0+0xc00x110xc00x070xc00x130xc00x090xc00x140xc00x0a0x000x050x00/0x0050xc00x120x000x0a0x010x000x0040x000x050x000x050x010x000x000x000x000x000x0a0x000x080x000x060x000x170x000x180x000x190x000x0b0x000x020x010x000x000x0d0x000x100x000x0e0x040x010x040x030x020x010x020x030x040x010x050x010x060x010xff0x010x000x010x00...]. HTTP method names must be tokens
		at org.apache.coyote.http11.Http11InputBuffer.parseRequestLine(Http11InputBuffer.java:434)
		at org.apache.coyote.http11.Http11Processor.service(Http11Processor.java:513)
		at org.apache.coyote.AbstractProcessorLight.process(AbstractProcessorLight.java:65)
		at org.apache.coyote.AbstractProtocol$ConnectionHandler.process(AbstractProtocol.java:882)
		at org.apache.tomcat.util.net.NioEndpoint$SocketProcessor.doRun(NioEndpoint.java:1647)
		at org.apache.tomcat.util.net.SocketProcessorBase.run(SocketProcessorBase.java:49)
		at org.apache.tomcat.util.threads.ThreadPoolExecutor.runWorker(ThreadPoolExecutor.java:1191)
		at org.apache.tomcat.util.threads.ThreadPoolExecutor$Worker.run(ThreadPoolExecutor.java:659)
		at org.apache.tomcat.util.threads.TaskThread$WrappingRunnable.run(TaskThread.java:61)
		at java.lang.Thread.run(Thread.java:750)
23-Oct-2023 13:06:20.038 WARNING [http-nio-8080-exec-21] strosoft.company.service.UpdateCompanyXxyProductTotalInfoServiceHandler.process companyId 3117: 
### Error updating database.  Cause: com.mysql.jdbc.exceptions.jdbc4.MySQLTransactionRollbackException: Deadlock found when trying to get lock; try restarting transaction
### The error may involve strosoft.app.common.executeDelete-Inline
### The error occurred while setting parameters
### SQL: delete from company_xxy_product_info where OrderID = 16531 and ProductID in (1);
### Cause: com.mysql.jdbc.exceptions.jdbc4.MySQLTransactionRollbackException: Deadlock found when trying to get lock; try restarting transaction
23-Oct-2023 13:15:52.926 WARNING [http-nio-8080-exec-38] strosoft.company.service.UpdateCompanyXxyProductTotalInfoServiceHandler.process companyId 3314: 
### Error updating database.  Cause: com.mysql.jdbc.exceptions.jdbc4.MySQLTransactionRollbackException: Lock wait timeout exceeded; try restarting transaction
### The error may involve strosoft.app.common.executeDelete-Inline
### The error occurred while setting parameters
### SQL: delete from company_xxy_product_info where OrderID = 15612 and ProductID in (3);
### Cause: com.mysql.jdbc.exceptions.jdbc4.MySQLTransactionRollbackException: Lock wait timeout exceeded; try restarting transaction
23-Oct-2023 13:16:34.006 WARNING [http-nio-8080-exec-182] strosoft.company.service.UpdateCompanyXxyProductTotalInfoServiceHandler.process companyId 1426: 
### Error updating database.  Cause: com.mysql.jdbc.exceptions.jdbc4.MySQLTransactionRollbackException: Deadlock found when trying to get lock; try restarting transaction
### The error may involve strosoft.app.common.executeDelete-Inline
### The error occurred while setting parameters
### SQL: delete from company_xxy_product_info where OrderID = 1820 and ProductID in (14);
### Cause: com.mysql.jdbc.exceptions.jdbc4.MySQLTransactionRollbackException: Deadlock found when trying to get lock; try restarting transaction
23-Oct-2023 13:20:13.104 WARNING [http-nio-8080-exec-10] strosoft.company.service.UpdateCompanyXxyProductTotalInfoServiceHandler.process companyId 3278: 
### Error updating database.  Cause: com.mysql.jdbc.exceptions.jdbc4.MySQLTransactionRollbackException: Deadlock found when trying to get lock; try restarting transaction
### The error may involve strosoft.app.common.executeDelete-Inline
### The error occurred while setting parameters
### SQL: delete from company_xxy_product_entity_info where OrderID = 16405 and ProductID in (1);
### Cause: com.mysql.jdbc.exceptions.jdbc4.MySQLTransactionRollbackException: Deadlock found when trying to get lock; try restarting transaction
23-Oct-2023 13:24:43.259 INFO [main] org.apache.catalina.core.StandardServer.await A valid shutdown command was received via the shutdown port. Stopping the Server instance.
23-Oct-2023 13:24:43.260 INFO [main] org.apache.coyote.AbstractProtocol.pause Pausing ProtocolHandler ["http-nio-8080"]
23-Oct-2023 13:24:43.276 INFO [main] org.apache.catalina.core.StandardService.stopInternal Stopping service [Catalina]
23-Oct-2023 13:25:01.521 WARNING [http-nio-8080-exec-186] strosoft.company.service.UpdateCompanyXxyProductTotalInfoServiceHandler.process companyId 3207: 
### Error updating database.  Cause: com.mysql.jdbc.exceptions.jdbc4.MySQLTransactionRollbackException: Deadlock found when trying to get lock; try restarting transaction
### The error may involve strosoft.app.common.executeDelete-Inline
### The error occurred while setting parameters
### SQL: delete from company_xxy_product_info where OrderID = 7536 and ProductID in (2);
### Cause: com.mysql.jdbc.exceptions.jdbc4.MySQLTransactionRollbackException: Deadlock found when trying to get lock; try restarting transaction
23-Oct-2023 13:25:32.053 INFO [main] org.apache.catalina.startup.VersionLoggerListener.log Server version name:   Apache Tomcat/8.5.78
23-Oct-2023 13:25:32.054 INFO [main] org.apache.catalina.startup.VersionLoggerListener.log Server built:          Mar 31 2022 16:05:28 UTC
23-Oct-2023 13:25:32.055 INFO [main] org.apache.catalina.startup.VersionLoggerListener.log Server version number: 8.5.78.0
23-Oct-2023 13:25:32.055 INFO [main] org.apache.catalina.startup.VersionLoggerListener.log OS Name:               Linux
23-Oct-2023 13:25:32.055 INFO [main] org.apache.catalina.startup.VersionLoggerListener.log OS Version:            3.10.0-1160.80.1.el7.x86_64
23-Oct-2023 13:25:32.055 INFO [main] org.apache.catalina.startup.VersionLoggerListener.log Architecture:          amd64
23-Oct-2023 13:25:32.055 INFO [main] org.apache.catalina.startup.VersionLoggerListener.log Java Home:             /usr/lib/jvm/java-1.8.0-openjdk-1.8.0.352.b08-2.el7_9.x86_64/jre
23-Oct-2023 13:25:32.055 INFO [main] org.apache.catalina.startup.VersionLoggerListener.log JVM Version:           1.8.0_352-b08
23-Oct-2023 13:25:32.055 INFO [main] org.apache.catalina.startup.VersionLoggerListener.log JVM Vendor:            Red Hat, Inc.
23-Oct-2023 13:25:32.055 INFO [main] org.apache.catalina.startup.VersionLoggerListener.log CATALINA_BASE:         /work/tomcat8
23-Oct-2023 13:25:32.055 INFO [main] org.apache.catalina.startup.VersionLoggerListener.log CATALINA_HOME:         /work/tomcat8
23-Oct-2023 13:25:32.055 INFO [main] org.apache.catalina.startup.VersionLoggerListener.log Command line argument: -Djava.util.logging.config.file=/work/tomcat/conf/logging.properties
23-Oct-2023 13:25:32.055 INFO [main] org.apache.catalina.startup.VersionLoggerListener.log Command line argument: -Djava.util.logging.manager=org.apache.juli.ClassLoaderLogManager
23-Oct-2023 13:25:32.055 INFO [main] org.apache.catalina.startup.VersionLoggerListener.log Command line argument: -Djava.security.egd=file:/dev/./urandom
23-Oct-2023 13:25:32.056 INFO [main] org.apache.catalina.startup.VersionLoggerListener.log Command line argument: -Djdk.tls.ephemeralDHKeySize=2048
23-Oct-2023 13:25:32.056 INFO [main] org.apache.catalina.startup.VersionLoggerListener.log Command line argument: -Djava.protocol.handler.pkgs=org.apache.catalina.webresources
23-Oct-2023 13:25:32.056 INFO [main] org.apache.catalina.startup.VersionLoggerListener.log Command line argument: -Dorg.apache.catalina.security.SecurityListener.UMASK=0027
23-Oct-2023 13:25:32.056 INFO [main] org.apache.catalina.startup.VersionLoggerListener.log Command line argument: -Xms1024M
23-Oct-2023 13:25:32.056 INFO [main] org.apache.catalina.startup.VersionLoggerListener.log Command line argument: -Xmx4096M
23-Oct-2023 13:25:32.056 INFO [main] org.apache.catalina.startup.VersionLoggerListener.log Command line argument: -XX:+UseParallelGC
23-Oct-2023 13:25:32.056 INFO [main] org.apache.catalina.startup.VersionLoggerListener.log Command line argument: -Dignore.endorsed.dirs=
23-Oct-2023 13:25:32.056 INFO [main] org.apache.catalina.startup.VersionLoggerListener.log Command line argument: -Dcatalina.base=/work/tomcat
23-Oct-2023 13:25:32.056 INFO [main] org.apache.catalina.startup.VersionLoggerListener.log Command line argument: -Dcatalina.home=/work/tomcat
23-Oct-2023 13:25:32.056 INFO [main] org.apache.catalina.startup.VersionLoggerListener.log Command line argument: -Djava.io.tmpdir=/work/tomcat/temp
23-Oct-2023 13:25:32.056 INFO [main] org.apache.catalina.core.AprLifecycleListener.lifecycleEvent The Apache Tomcat Native library which allows using OpenSSL was not found on the java.library.path: [/usr/java/packages/lib/amd64:/usr/lib64:/lib64:/lib:/usr/lib]
23-Oct-2023 13:25:32.111 INFO [main] org.apache.coyote.AbstractProtocol.init Initializing ProtocolHandler ["http-nio-8080"]
23-Oct-2023 13:25:32.127 INFO [main] org.apache.catalina.startup.Catalina.load Initialization processed in 377 ms
23-Oct-2023 13:25:32.154 INFO [main] org.apache.catalina.core.StandardService.startInternal Starting service [Catalina]
23-Oct-2023 13:25:32.154 INFO [main] org.apache.catalina.core.StandardEngine.startInternal Starting Servlet engine: [Apache Tomcat/8.5.78]
23-Oct-2023 13:25:32.174 INFO [localhost-startStop-1] org.apache.catalina.startup.HostConfig.deployWAR Deploying web application archive [/work/tomcat8/webapps/XXYAdmin.war]
23-Oct-2023 13:25:34.840 INFO [localhost-startStop-1] org.apache.jasper.servlet.TldScanner.scanJars At least one JAR was scanned for TLDs yet contained no TLDs. Enable debug logging for this logger for a complete list of JARs that were scanned but no TLDs were found in them. Skipping unneeded JARs during scanning can improve startup time and JSP compilation time.
23-Oct-2023 13:25:35.082 INFO [localhost-startStop-1] strosoft.app.common.SysStartupListener.contextInitialized ASYNC THREADS HAVE STARTED
23-Oct-2023 13:25:35.098 INFO [localhost-startStop-1] org.apache.catalina.startup.HostConfig.deployWAR Deployment of web application archive [/work/tomcat8/webapps/XXYAdmin.war] has finished in [2,924] ms
23-Oct-2023 13:25:35.099 INFO [localhost-startStop-1] org.apache.catalina.startup.HostConfig.deployWAR Deploying web application archive [/work/tomcat8/webapps/XXYPlatform.war]
23-Oct-2023 13:25:35.117 INFO [localhost-startStop-1] org.apache.jasper.servlet.TldScanner.scanJars At least one JAR was scanned for TLDs yet contained no TLDs. Enable debug logging for this logger for a complete list of JARs that were scanned but no TLDs were found in them. Skipping unneeded JARs during scanning can improve startup time and JSP compilation time.
23-Oct-2023 13:25:35.119 INFO [localhost-startStop-1] org.apache.catalina.startup.HostConfig.deployWAR Deployment of web application archive [/work/tomcat8/webapps/XXYPlatform.war] has finished in [19] ms
23-Oct-2023 13:25:35.119 INFO [localhost-startStop-1] org.apache.catalina.startup.HostConfig.deployWAR Deploying web application archive [/work/tomcat8/webapps/XXYCompany.war]
23-Oct-2023 13:25:35.133 INFO [localhost-startStop-1] org.apache.jasper.servlet.TldScanner.scanJars At least one JAR was scanned for TLDs yet contained no TLDs. Enable debug logging for this logger for a complete list of JARs that were scanned but no TLDs were found in them. Skipping unneeded JARs during scanning can improve startup time and JSP compilation time.
23-Oct-2023 13:25:35.135 INFO [localhost-startStop-1] org.apache.catalina.startup.HostConfig.deployWAR Deployment of web application archive [/work/tomcat8/webapps/XXYCompany.war] has finished in [16] ms
23-Oct-2023 13:25:35.136 INFO [localhost-startStop-1] org.apache.catalina.startup.HostConfig.deployDirectory Deploying web application directory [/work/tomcat8/webapps/docs]
23-Oct-2023 13:25:35.143 INFO [localhost-startStop-1] org.apache.catalina.startup.HostConfig.deployDirectory Deployment of web application directory [/work/tomcat8/webapps/docs] has finished in [7] ms
23-Oct-2023 13:25:35.144 INFO [localhost-startStop-1] org.apache.catalina.startup.HostConfig.deployDirectory Deploying web application directory [/work/tomcat8/webapps/manager]
23-Oct-2023 13:25:35.159 INFO [localhost-startStop-1] org.apache.catalina.startup.HostConfig.deployDirectory Deployment of web application directory [/work/tomcat8/webapps/manager] has finished in [15] ms
23-Oct-2023 13:25:35.159 INFO [localhost-startStop-1] org.apache.catalina.startup.HostConfig.deployDirectory Deploying web application directory [/work/tomcat8/webapps/host-manager]
23-Oct-2023 13:25:35.169 INFO [localhost-startStop-1] org.apache.catalina.startup.HostConfig.deployDirectory Deployment of web application directory [/work/tomcat8/webapps/host-manager] has finished in [10] ms
23-Oct-2023 13:25:35.169 INFO [localhost-startStop-1] org.apache.catalina.startup.HostConfig.deployDirectory Deploying web application directory [/work/tomcat8/webapps/_ROOT]
23-Oct-2023 13:25:35.176 INFO [localhost-startStop-1] org.apache.catalina.startup.HostConfig.deployDirectory Deployment of web application directory [/work/tomcat8/webapps/_ROOT] has finished in [7] ms
23-Oct-2023 13:25:35.177 INFO [localhost-startStop-1] org.apache.catalina.startup.HostConfig.deployDirectory Deploying web application directory [/work/tomcat8/webapps/examples]
23-Oct-2023 13:25:35.278 INFO [localhost-startStop-1] org.apache.catalina.startup.HostConfig.deployDirectory Deployment of web application directory [/work/tomcat8/webapps/examples] has finished in [101] ms
23-Oct-2023 13:25:35.283 INFO [main] org.apache.coyote.AbstractProtocol.start Starting ProtocolHandler ["http-nio-8080"]
23-Oct-2023 13:25:35.296 INFO [main] org.apache.catalina.startup.Catalina.start Server startup in 3168 ms
